<?xml version="1.0" encoding="UTF-8"?>
<!-- Generated by org.testng.reporters.JUnitReportReporter -->
<testsuite hostname="Naveen" name="selenium.Practice" tests="4" failures="1" timestamp="26 Aug 2021 03:30:33 GMT" time="91.695" errors="0">
  <testcase name="SearchValue" time="16.836" classname="selenium.Practice">
    <failure type="org.testng.internal.thread.ThreadTimeoutException" message="Method org.testng.internal.TestNGMethod.SearchValue() didn&#039;t finish within the time-out 10000">
      <![CDATA[org.testng.internal.thread.ThreadTimeoutException: Method org.testng.internal.TestNGMethod.SearchValue() didn't finish within the time-out 10000
	at java.lang.Thread.interrupt(Thread.java:919)
	at org.testng.internal.InvokeMethodRunnable.runOne(InvokeMethodRunnable.java:55)
	at org.testng.internal.InvokeMethodRunnable.run(InvokeMethodRunnable.java:37)
	at java.util.concurrent.Executors$RunnableAdapter.call(Executors.java:511)
	at java.util.concurrent.FutureTask.run(FutureTask.java:266)
	at java.util.concurrent.ThreadPoolExecutor.runWorker(ThreadPoolExecutor.java:1149)
	at java.util.concurrent.ThreadPoolExecutor$Worker.run(ThreadPoolExecutor.java:624)
	at java.lang.Thread.run(Thread.java:748)
]]>
    </failure>
  </testcase> <!-- SearchValue -->
  <testcase name="ProductPagesize" time="31.168" classname="selenium.Practice"/>
  <testcase name="Register" time="28.844" classname="selenium.Practice"/>
  <testcase name="InvalidUserlogin" time="14.847" classname="selenium.Practice"/>
</testsuite> <!-- selenium.Practice -->
